2023-02-17 21:06:24 - PHP Warning:  require_once(path/to/opencart/config.php): failed to open stream: No such file or directory in C:\xampp\htdocs\UNA-v.13.0.0-RC2\store\catalog\controller\api\product.php on line 127
2023-02-17 21:07:04 - PHP Warning:  require_once(path/to/opencart/config.php): failed to open stream: No such file or directory in C:\xampp\htdocs\UNA-v.13.0.0-RC2\store\catalog\controller\api\product.php on line 2
2023-02-17 21:23:15 - PHP Notice:  Undefined index: model in C:\xampp\htdocs\UNA-v.13.0.0-RC2\store\catalog\model\catalog\cart.php on line 44
2023-02-17 21:23:15 - PHP Notice:  Undefined index: sku in C:\xampp\htdocs\UNA-v.13.0.0-RC2\store\catalog\model\catalog\cart.php on line 44
2023-02-17 21:23:15 - PHP Notice:  Undefined index: upc in C:\xampp\htdocs\UNA-v.13.0.0-RC2\store\catalog\model\catalog\cart.php on line 44
2023-02-17 21:23:15 - PHP Notice:  Undefined index: ean in C:\xampp\htdocs\UNA-v.13.0.0-RC2\store\catalog\model\catalog\cart.php on line 44
2023-02-17 21:23:15 - PHP Notice:  Undefined index: jan in C:\xampp\htdocs\UNA-v.13.0.0-RC2\store\catalog\model\catalog\cart.php on line 44
2023-02-17 21:23:15 - PHP Notice:  Undefined index: isbn in C:\xampp\htdocs\UNA-v.13.0.0-RC2\store\catalog\model\catalog\cart.php on line 44
2023-02-17 21:23:15 - PHP Notice:  Undefined index: mpn in C:\xampp\htdocs\UNA-v.13.0.0-RC2\store\catalog\model\catalog\cart.php on line 44
2023-02-17 21:23:15 - PHP Notice:  Undefined index: location in C:\xampp\htdocs\UNA-v.13.0.0-RC2\store\catalog\model\catalog\cart.php on line 44
2023-02-17 21:23:15 - PHP Notice:  Undefined index: quantity in C:\xampp\htdocs\UNA-v.13.0.0-RC2\store\catalog\model\catalog\cart.php on line 44
2023-02-17 21:23:15 - PHP Notice:  Undefined index: minimum in C:\xampp\htdocs\UNA-v.13.0.0-RC2\store\catalog\model\catalog\cart.php on line 44
2023-02-17 21:23:15 - PHP Notice:  Undefined index: subtract in C:\xampp\htdocs\UNA-v.13.0.0-RC2\store\catalog\model\catalog\cart.php on line 44
2023-02-17 21:23:15 - PHP Notice:  Undefined index: stock_status_id in C:\xampp\htdocs\UNA-v.13.0.0-RC2\store\catalog\model\catalog\cart.php on line 44
2023-02-17 21:23:15 - PHP Notice:  Undefined index: date_available in C:\xampp\htdocs\UNA-v.13.0.0-RC2\store\catalog\model\catalog\cart.php on line 44
2023-02-17 21:23:15 - PHP Notice:  Undefined index: manufacturer_id in C:\xampp\htdocs\UNA-v.13.0.0-RC2\store\catalog\model\catalog\cart.php on line 44
2023-02-17 21:23:15 - PHP Notice:  Undefined index: shipping in C:\xampp\htdocs\UNA-v.13.0.0-RC2\store\catalog\model\catalog\cart.php on line 44
2023-02-17 21:23:15 - PHP Notice:  Undefined index: price in C:\xampp\htdocs\UNA-v.13.0.0-RC2\store\catalog\model\catalog\cart.php on line 44
2023-02-17 21:23:15 - PHP Notice:  Undefined index: points in C:\xampp\htdocs\UNA-v.13.0.0-RC2\store\catalog\model\catalog\cart.php on line 44
2023-02-17 21:23:15 - PHP Notice:  Undefined index: weight in C:\xampp\htdocs\UNA-v.13.0.0-RC2\store\catalog\model\catalog\cart.php on line 44
2023-02-17 21:23:15 - PHP Notice:  Undefined index: weight_class_id in C:\xampp\htdocs\UNA-v.13.0.0-RC2\store\catalog\model\catalog\cart.php on line 44
2023-02-17 21:23:15 - PHP Notice:  Undefined index: length in C:\xampp\htdocs\UNA-v.13.0.0-RC2\store\catalog\model\catalog\cart.php on line 44
2023-02-17 21:23:15 - PHP Notice:  Undefined index: width in C:\xampp\htdocs\UNA-v.13.0.0-RC2\store\catalog\model\catalog\cart.php on line 44
2023-02-17 21:23:15 - PHP Notice:  Undefined index: height in C:\xampp\htdocs\UNA-v.13.0.0-RC2\store\catalog\model\catalog\cart.php on line 44
2023-02-17 21:23:15 - PHP Notice:  Undefined index: length_class_id in C:\xampp\htdocs\UNA-v.13.0.0-RC2\store\catalog\model\catalog\cart.php on line 44
2023-02-17 21:23:15 - PHP Notice:  Undefined index: status in C:\xampp\htdocs\UNA-v.13.0.0-RC2\store\catalog\model\catalog\cart.php on line 44
2023-02-17 21:23:15 - PHP Notice:  Undefined index: tax_class_id in C:\xampp\htdocs\UNA-v.13.0.0-RC2\store\catalog\model\catalog\cart.php on line 44
2023-02-17 21:23:15 - PHP Notice:  Undefined index: sort_order in C:\xampp\htdocs\UNA-v.13.0.0-RC2\store\catalog\model\catalog\cart.php on line 44
2023-02-17 21:23:15 - PHP Notice:  Undefined index: product_description in C:\xampp\htdocs\UNA-v.13.0.0-RC2\store\catalog\model\catalog\cart.php on line 52
2023-02-17 21:23:15 - PHP Warning:  Invalid argument supplied for foreach() in C:\xampp\htdocs\UNA-v.13.0.0-RC2\store\catalog\model\catalog\cart.php on line 52
2023-02-17 21:24:19 - PHP Notice:  Undefined index: model in C:\xampp\htdocs\UNA-v.13.0.0-RC2\store\catalog\model\catalog\cart.php on line 44
2023-02-17 21:24:19 - PHP Notice:  Undefined index: sku in C:\xampp\htdocs\UNA-v.13.0.0-RC2\store\catalog\model\catalog\cart.php on line 44
2023-02-17 21:24:19 - PHP Notice:  Undefined index: upc in C:\xampp\htdocs\UNA-v.13.0.0-RC2\store\catalog\model\catalog\cart.php on line 44
2023-02-17 21:24:19 - PHP Notice:  Undefined index: ean in C:\xampp\htdocs\UNA-v.13.0.0-RC2\store\catalog\model\catalog\cart.php on line 44
2023-02-17 21:24:19 - PHP Notice:  Undefined index: jan in C:\xampp\htdocs\UNA-v.13.0.0-RC2\store\catalog\model\catalog\cart.php on line 44
2023-02-17 21:24:19 - PHP Notice:  Undefined index: isbn in C:\xampp\htdocs\UNA-v.13.0.0-RC2\store\catalog\model\catalog\cart.php on line 44
2023-02-17 21:24:19 - PHP Notice:  Undefined index: mpn in C:\xampp\htdocs\UNA-v.13.0.0-RC2\store\catalog\model\catalog\cart.php on line 44
2023-02-17 21:24:19 - PHP Notice:  Undefined index: location in C:\xampp\htdocs\UNA-v.13.0.0-RC2\store\catalog\model\catalog\cart.php on line 44
2023-02-17 21:24:19 - PHP Notice:  Undefined index: quantity in C:\xampp\htdocs\UNA-v.13.0.0-RC2\store\catalog\model\catalog\cart.php on line 44
2023-02-17 21:24:19 - PHP Notice:  Undefined index: minimum in C:\xampp\htdocs\UNA-v.13.0.0-RC2\store\catalog\model\catalog\cart.php on line 44
2023-02-17 21:24:19 - PHP Notice:  Undefined index: subtract in C:\xampp\htdocs\UNA-v.13.0.0-RC2\store\catalog\model\catalog\cart.php on line 44
2023-02-17 21:24:19 - PHP Notice:  Undefined index: stock_status_id in C:\xampp\htdocs\UNA-v.13.0.0-RC2\store\catalog\model\catalog\cart.php on line 44
2023-02-17 21:24:19 - PHP Notice:  Undefined index: date_available in C:\xampp\htdocs\UNA-v.13.0.0-RC2\store\catalog\model\catalog\cart.php on line 44
2023-02-17 21:24:19 - PHP Notice:  Undefined index: manufacturer_id in C:\xampp\htdocs\UNA-v.13.0.0-RC2\store\catalog\model\catalog\cart.php on line 44
2023-02-17 21:24:19 - PHP Notice:  Undefined index: shipping in C:\xampp\htdocs\UNA-v.13.0.0-RC2\store\catalog\model\catalog\cart.php on line 44
2023-02-17 21:24:19 - PHP Notice:  Undefined index: price in C:\xampp\htdocs\UNA-v.13.0.0-RC2\store\catalog\model\catalog\cart.php on line 44
2023-02-17 21:24:19 - PHP Notice:  Undefined index: points in C:\xampp\htdocs\UNA-v.13.0.0-RC2\store\catalog\model\catalog\cart.php on line 44
2023-02-17 21:24:19 - PHP Notice:  Undefined index: weight in C:\xampp\htdocs\UNA-v.13.0.0-RC2\store\catalog\model\catalog\cart.php on line 44
2023-02-17 21:24:19 - PHP Notice:  Undefined index: weight_class_id in C:\xampp\htdocs\UNA-v.13.0.0-RC2\store\catalog\model\catalog\cart.php on line 44
2023-02-17 21:24:19 - PHP Notice:  Undefined index: length in C:\xampp\htdocs\UNA-v.13.0.0-RC2\store\catalog\model\catalog\cart.php on line 44
2023-02-17 21:24:19 - PHP Notice:  Undefined index: width in C:\xampp\htdocs\UNA-v.13.0.0-RC2\store\catalog\model\catalog\cart.php on line 44
2023-02-17 21:24:19 - PHP Notice:  Undefined index: height in C:\xampp\htdocs\UNA-v.13.0.0-RC2\store\catalog\model\catalog\cart.php on line 44
2023-02-17 21:24:19 - PHP Notice:  Undefined index: length_class_id in C:\xampp\htdocs\UNA-v.13.0.0-RC2\store\catalog\model\catalog\cart.php on line 44
2023-02-17 21:24:19 - PHP Notice:  Undefined index: status in C:\xampp\htdocs\UNA-v.13.0.0-RC2\store\catalog\model\catalog\cart.php on line 44
2023-02-17 21:24:19 - PHP Notice:  Undefined index: tax_class_id in C:\xampp\htdocs\UNA-v.13.0.0-RC2\store\catalog\model\catalog\cart.php on line 44
2023-02-17 21:24:19 - PHP Notice:  Undefined index: sort_order in C:\xampp\htdocs\UNA-v.13.0.0-RC2\store\catalog\model\catalog\cart.php on line 44
2023-02-17 21:24:19 - PHP Notice:  Undefined index: product_description in C:\xampp\htdocs\UNA-v.13.0.0-RC2\store\catalog\model\catalog\cart.php on line 52
2023-02-17 21:24:19 - PHP Warning:  Invalid argument supplied for foreach() in C:\xampp\htdocs\UNA-v.13.0.0-RC2\store\catalog\model\catalog\cart.php on line 52
2023-02-17 21:24:19 - PHP Notice:  Undefined index: user_token in C:\xampp\htdocs\UNA-v.13.0.0-RC2\store\catalog\controller\api\product.php on line 174
2023-02-17 21:24:34 - PHP Notice:  Undefined index: model in C:\xampp\htdocs\UNA-v.13.0.0-RC2\store\catalog\model\catalog\cart.php on line 44
2023-02-17 21:24:34 - PHP Notice:  Undefined index: sku in C:\xampp\htdocs\UNA-v.13.0.0-RC2\store\catalog\model\catalog\cart.php on line 44
2023-02-17 21:24:34 - PHP Notice:  Undefined index: upc in C:\xampp\htdocs\UNA-v.13.0.0-RC2\store\catalog\model\catalog\cart.php on line 44
2023-02-17 21:24:34 - PHP Notice:  Undefined index: ean in C:\xampp\htdocs\UNA-v.13.0.0-RC2\store\catalog\model\catalog\cart.php on line 44
2023-02-17 21:24:34 - PHP Notice:  Undefined index: jan in C:\xampp\htdocs\UNA-v.13.0.0-RC2\store\catalog\model\catalog\cart.php on line 44
2023-02-17 21:24:34 - PHP Notice:  Undefined index: isbn in C:\xampp\htdocs\UNA-v.13.0.0-RC2\store\catalog\model\catalog\cart.php on line 44
2023-02-17 21:24:34 - PHP Notice:  Undefined index: mpn in C:\xampp\htdocs\UNA-v.13.0.0-RC2\store\catalog\model\catalog\cart.php on line 44
2023-02-17 21:24:34 - PHP Notice:  Undefined index: location in C:\xampp\htdocs\UNA-v.13.0.0-RC2\store\catalog\model\catalog\cart.php on line 44
2023-02-17 21:24:34 - PHP Notice:  Undefined index: quantity in C:\xampp\htdocs\UNA-v.13.0.0-RC2\store\catalog\model\catalog\cart.php on line 44
2023-02-17 21:24:34 - PHP Notice:  Undefined index: minimum in C:\xampp\htdocs\UNA-v.13.0.0-RC2\store\catalog\model\catalog\cart.php on line 44
2023-02-17 21:24:34 - PHP Notice:  Undefined index: subtract in C:\xampp\htdocs\UNA-v.13.0.0-RC2\store\catalog\model\catalog\cart.php on line 44
2023-02-17 21:24:34 - PHP Notice:  Undefined index: stock_status_id in C:\xampp\htdocs\UNA-v.13.0.0-RC2\store\catalog\model\catalog\cart.php on line 44
2023-02-17 21:24:34 - PHP Notice:  Undefined index: date_available in C:\xampp\htdocs\UNA-v.13.0.0-RC2\store\catalog\model\catalog\cart.php on line 44
2023-02-17 21:24:34 - PHP Notice:  Undefined index: manufacturer_id in C:\xampp\htdocs\UNA-v.13.0.0-RC2\store\catalog\model\catalog\cart.php on line 44
2023-02-17 21:24:34 - PHP Notice:  Undefined index: shipping in C:\xampp\htdocs\UNA-v.13.0.0-RC2\store\catalog\model\catalog\cart.php on line 44
2023-02-17 21:24:34 - PHP Notice:  Undefined index: price in C:\xampp\htdocs\UNA-v.13.0.0-RC2\store\catalog\model\catalog\cart.php on line 44
2023-02-17 21:24:34 - PHP Notice:  Undefined index: points in C:\xampp\htdocs\UNA-v.13.0.0-RC2\store\catalog\model\catalog\cart.php on line 44
2023-02-17 21:24:34 - PHP Notice:  Undefined index: weight in C:\xampp\htdocs\UNA-v.13.0.0-RC2\store\catalog\model\catalog\cart.php on line 44
2023-02-17 21:24:34 - PHP Notice:  Undefined index: weight_class_id in C:\xampp\htdocs\UNA-v.13.0.0-RC2\store\catalog\model\catalog\cart.php on line 44
2023-02-17 21:24:34 - PHP Notice:  Undefined index: length in C:\xampp\htdocs\UNA-v.13.0.0-RC2\store\catalog\model\catalog\cart.php on line 44
2023-02-17 21:24:34 - PHP Notice:  Undefined index: width in C:\xampp\htdocs\UNA-v.13.0.0-RC2\store\catalog\model\catalog\cart.php on line 44
2023-02-17 21:24:34 - PHP Notice:  Undefined index: height in C:\xampp\htdocs\UNA-v.13.0.0-RC2\store\catalog\model\catalog\cart.php on line 44
2023-02-17 21:24:34 - PHP Notice:  Undefined index: length_class_id in C:\xampp\htdocs\UNA-v.13.0.0-RC2\store\catalog\model\catalog\cart.php on line 44
2023-02-17 21:24:34 - PHP Notice:  Undefined index: status in C:\xampp\htdocs\UNA-v.13.0.0-RC2\store\catalog\model\catalog\cart.php on line 44
2023-02-17 21:24:34 - PHP Notice:  Undefined index: tax_class_id in C:\xampp\htdocs\UNA-v.13.0.0-RC2\store\catalog\model\catalog\cart.php on line 44
2023-02-17 21:24:34 - PHP Notice:  Undefined index: sort_order in C:\xampp\htdocs\UNA-v.13.0.0-RC2\store\catalog\model\catalog\cart.php on line 44
2023-02-17 21:24:34 - PHP Notice:  Undefined index: product_description in C:\xampp\htdocs\UNA-v.13.0.0-RC2\store\catalog\model\catalog\cart.php on line 52
2023-02-17 21:24:34 - PHP Warning:  Invalid argument supplied for foreach() in C:\xampp\htdocs\UNA-v.13.0.0-RC2\store\catalog\model\catalog\cart.php on line 52
2023-02-17 21:24:34 - PHP Notice:  Undefined index: user_token in C:\xampp\htdocs\UNA-v.13.0.0-RC2\store\catalog\controller\api\product.php on line 174
2023-02-17 21:24:50 - PHP Notice:  Undefined index: model in C:\xampp\htdocs\UNA-v.13.0.0-RC2\store\catalog\model\catalog\cart.php on line 44
2023-02-17 21:24:50 - PHP Notice:  Undefined index: sku in C:\xampp\htdocs\UNA-v.13.0.0-RC2\store\catalog\model\catalog\cart.php on line 44
2023-02-17 21:24:50 - PHP Notice:  Undefined index: upc in C:\xampp\htdocs\UNA-v.13.0.0-RC2\store\catalog\model\catalog\cart.php on line 44
2023-02-17 21:24:50 - PHP Notice:  Undefined index: ean in C:\xampp\htdocs\UNA-v.13.0.0-RC2\store\catalog\model\catalog\cart.php on line 44
2023-02-17 21:24:50 - PHP Notice:  Undefined index: jan in C:\xampp\htdocs\UNA-v.13.0.0-RC2\store\catalog\model\catalog\cart.php on line 44
2023-02-17 21:24:50 - PHP Notice:  Undefined index: isbn in C:\xampp\htdocs\UNA-v.13.0.0-RC2\store\catalog\model\catalog\cart.php on line 44
2023-02-17 21:24:50 - PHP Notice:  Undefined index: mpn in C:\xampp\htdocs\UNA-v.13.0.0-RC2\store\catalog\model\catalog\cart.php on line 44
2023-02-17 21:24:50 - PHP Notice:  Undefined index: location in C:\xampp\htdocs\UNA-v.13.0.0-RC2\store\catalog\model\catalog\cart.php on line 44
2023-02-17 21:24:50 - PHP Notice:  Undefined index: quantity in C:\xampp\htdocs\UNA-v.13.0.0-RC2\store\catalog\model\catalog\cart.php on line 44
2023-02-17 21:24:50 - PHP Notice:  Undefined index: minimum in C:\xampp\htdocs\UNA-v.13.0.0-RC2\store\catalog\model\catalog\cart.php on line 44
2023-02-17 21:24:50 - PHP Notice:  Undefined index: subtract in C:\xampp\htdocs\UNA-v.13.0.0-RC2\store\catalog\model\catalog\cart.php on line 44
2023-02-17 21:24:50 - PHP Notice:  Undefined index: stock_status_id in C:\xampp\htdocs\UNA-v.13.0.0-RC2\store\catalog\model\catalog\cart.php on line 44
2023-02-17 21:24:50 - PHP Notice:  Undefined index: date_available in C:\xampp\htdocs\UNA-v.13.0.0-RC2\store\catalog\model\catalog\cart.php on line 44
2023-02-17 21:24:50 - PHP Notice:  Undefined index: manufacturer_id in C:\xampp\htdocs\UNA-v.13.0.0-RC2\store\catalog\model\catalog\cart.php on line 44
2023-02-17 21:24:50 - PHP Notice:  Undefined index: shipping in C:\xampp\htdocs\UNA-v.13.0.0-RC2\store\catalog\model\catalog\cart.php on line 44
2023-02-17 21:24:50 - PHP Notice:  Undefined index: price in C:\xampp\htdocs\UNA-v.13.0.0-RC2\store\catalog\model\catalog\cart.php on line 44
2023-02-17 21:24:50 - PHP Notice:  Undefined index: points in C:\xampp\htdocs\UNA-v.13.0.0-RC2\store\catalog\model\catalog\cart.php on line 44
2023-02-17 21:24:50 - PHP Notice:  Undefined index: weight in C:\xampp\htdocs\UNA-v.13.0.0-RC2\store\catalog\model\catalog\cart.php on line 44
2023-02-17 21:24:50 - PHP Notice:  Undefined index: weight_class_id in C:\xampp\htdocs\UNA-v.13.0.0-RC2\store\catalog\model\catalog\cart.php on line 44
2023-02-17 21:24:50 - PHP Notice:  Undefined index: length in C:\xampp\htdocs\UNA-v.13.0.0-RC2\store\catalog\model\catalog\cart.php on line 44
2023-02-17 21:24:50 - PHP Notice:  Undefined index: width in C:\xampp\htdocs\UNA-v.13.0.0-RC2\store\catalog\model\catalog\cart.php on line 44
2023-02-17 21:24:50 - PHP Notice:  Undefined index: height in C:\xampp\htdocs\UNA-v.13.0.0-RC2\store\catalog\model\catalog\cart.php on line 44
2023-02-17 21:24:50 - PHP Notice:  Undefined index: length_class_id in C:\xampp\htdocs\UNA-v.13.0.0-RC2\store\catalog\model\catalog\cart.php on line 44
2023-02-17 21:24:50 - PHP Notice:  Undefined index: status in C:\xampp\htdocs\UNA-v.13.0.0-RC2\store\catalog\model\catalog\cart.php on line 44
2023-02-17 21:24:50 - PHP Notice:  Undefined index: tax_class_id in C:\xampp\htdocs\UNA-v.13.0.0-RC2\store\catalog\model\catalog\cart.php on line 44
2023-02-17 21:24:50 - PHP Notice:  Undefined index: sort_order in C:\xampp\htdocs\UNA-v.13.0.0-RC2\store\catalog\model\catalog\cart.php on line 44
2023-02-17 21:24:50 - PHP Notice:  Undefined index: product_description in C:\xampp\htdocs\UNA-v.13.0.0-RC2\store\catalog\model\catalog\cart.php on line 52
2023-02-17 21:24:50 - PHP Warning:  Invalid argument supplied for foreach() in C:\xampp\htdocs\UNA-v.13.0.0-RC2\store\catalog\model\catalog\cart.php on line 52
2023-02-17 21:24:50 - PHP Notice:  Undefined index: user_token in C:\xampp\htdocs\UNA-v.13.0.0-RC2\store\catalog\controller\api\product.php on line 174
2023-02-17 21:25:41 - PHP Notice:  Undefined index: model in C:\xampp\htdocs\UNA-v.13.0.0-RC2\store\catalog\model\catalog\cart.php on line 44
2023-02-17 21:25:41 - PHP Notice:  Undefined index: sku in C:\xampp\htdocs\UNA-v.13.0.0-RC2\store\catalog\model\catalog\cart.php on line 44
2023-02-17 21:25:41 - PHP Notice:  Undefined index: upc in C:\xampp\htdocs\UNA-v.13.0.0-RC2\store\catalog\model\catalog\cart.php on line 44
2023-02-17 21:25:41 - PHP Notice:  Undefined index: ean in C:\xampp\htdocs\UNA-v.13.0.0-RC2\store\catalog\model\catalog\cart.php on line 44
2023-02-17 21:25:41 - PHP Notice:  Undefined index: jan in C:\xampp\htdocs\UNA-v.13.0.0-RC2\store\catalog\model\catalog\cart.php on line 44
2023-02-17 21:25:41 - PHP Notice:  Undefined index: isbn in C:\xampp\htdocs\UNA-v.13.0.0-RC2\store\catalog\model\catalog\cart.php on line 44
2023-02-17 21:25:41 - PHP Notice:  Undefined index: mpn in C:\xampp\htdocs\UNA-v.13.0.0-RC2\store\catalog\model\catalog\cart.php on line 44
2023-02-17 21:25:41 - PHP Notice:  Undefined index: location in C:\xampp\htdocs\UNA-v.13.0.0-RC2\store\catalog\model\catalog\cart.php on line 44
2023-02-17 21:25:41 - PHP Notice:  Undefined index: quantity in C:\xampp\htdocs\UNA-v.13.0.0-RC2\store\catalog\model\catalog\cart.php on line 44
2023-02-17 21:25:41 - PHP Notice:  Undefined index: minimum in C:\xampp\htdocs\UNA-v.13.0.0-RC2\store\catalog\model\catalog\cart.php on line 44
2023-02-17 21:25:41 - PHP Notice:  Undefined index: subtract in C:\xampp\htdocs\UNA-v.13.0.0-RC2\store\catalog\model\catalog\cart.php on line 44
2023-02-17 21:25:41 - PHP Notice:  Undefined index: stock_status_id in C:\xampp\htdocs\UNA-v.13.0.0-RC2\store\catalog\model\catalog\cart.php on line 44
2023-02-17 21:25:41 - PHP Notice:  Undefined index: date_available in C:\xampp\htdocs\UNA-v.13.0.0-RC2\store\catalog\model\catalog\cart.php on line 44
2023-02-17 21:25:41 - PHP Notice:  Undefined index: manufacturer_id in C:\xampp\htdocs\UNA-v.13.0.0-RC2\store\catalog\model\catalog\cart.php on line 44
2023-02-17 21:25:41 - PHP Notice:  Undefined index: shipping in C:\xampp\htdocs\UNA-v.13.0.0-RC2\store\catalog\model\catalog\cart.php on line 44
2023-02-17 21:25:41 - PHP Notice:  Undefined index: price in C:\xampp\htdocs\UNA-v.13.0.0-RC2\store\catalog\model\catalog\cart.php on line 44
2023-02-17 21:25:41 - PHP Notice:  Undefined index: points in C:\xampp\htdocs\UNA-v.13.0.0-RC2\store\catalog\model\catalog\cart.php on line 44
2023-02-17 21:25:41 - PHP Notice:  Undefined index: weight in C:\xampp\htdocs\UNA-v.13.0.0-RC2\store\catalog\model\catalog\cart.php on line 44
2023-02-17 21:25:41 - PHP Notice:  Undefined index: weight_class_id in C:\xampp\htdocs\UNA-v.13.0.0-RC2\store\catalog\model\catalog\cart.php on line 44
2023-02-17 21:25:41 - PHP Notice:  Undefined index: length in C:\xampp\htdocs\UNA-v.13.0.0-RC2\store\catalog\model\catalog\cart.php on line 44
2023-02-17 21:25:41 - PHP Notice:  Undefined index: width in C:\xampp\htdocs\UNA-v.13.0.0-RC2\store\catalog\model\catalog\cart.php on line 44
2023-02-17 21:25:41 - PHP Notice:  Undefined index: height in C:\xampp\htdocs\UNA-v.13.0.0-RC2\store\catalog\model\catalog\cart.php on line 44
2023-02-17 21:25:41 - PHP Notice:  Undefined index: length_class_id in C:\xampp\htdocs\UNA-v.13.0.0-RC2\store\catalog\model\catalog\cart.php on line 44
2023-02-17 21:25:41 - PHP Notice:  Undefined index: status in C:\xampp\htdocs\UNA-v.13.0.0-RC2\store\catalog\model\catalog\cart.php on line 44
2023-02-17 21:25:41 - PHP Notice:  Undefined index: tax_class_id in C:\xampp\htdocs\UNA-v.13.0.0-RC2\store\catalog\model\catalog\cart.php on line 44
2023-02-17 21:25:41 - PHP Notice:  Undefined index: sort_order in C:\xampp\htdocs\UNA-v.13.0.0-RC2\store\catalog\model\catalog\cart.php on line 44
2023-02-17 21:25:41 - PHP Notice:  Undefined index: product_description in C:\xampp\htdocs\UNA-v.13.0.0-RC2\store\catalog\model\catalog\cart.php on line 52
2023-02-17 21:25:41 - PHP Warning:  Invalid argument supplied for foreach() in C:\xampp\htdocs\UNA-v.13.0.0-RC2\store\catalog\model\catalog\cart.php on line 52
2023-02-17 21:39:01 - PHP Warning:  Invalid argument supplied for foreach() in C:\xampp\htdocs\UNA-v.13.0.0-RC2\store\catalog\model\catalog\cart.php on line 52
2023-02-17 21:39:01 - PHP Warning:  Invalid argument supplied for foreach() in C:\xampp\htdocs\UNA-v.13.0.0-RC2\store\catalog\model\catalog\cart.php on line 57
2023-02-17 21:39:01 - PHP Warning:  Invalid argument supplied for foreach() in C:\xampp\htdocs\UNA-v.13.0.0-RC2\store\catalog\model\catalog\cart.php on line 78
2023-02-17 21:39:01 - PHP Warning:  Invalid argument supplied for foreach() in C:\xampp\htdocs\UNA-v.13.0.0-RC2\store\catalog\model\catalog\cart.php on line 96
2023-02-17 21:39:01 - PHP Warning:  Invalid argument supplied for foreach() in C:\xampp\htdocs\UNA-v.13.0.0-RC2\store\catalog\model\catalog\cart.php on line 107
2023-02-17 21:47:54 - PHP Notice:  Undefined index: meta_title in C:\xampp\htdocs\UNA-v.13.0.0-RC2\store\catalog\model\catalog\cart.php on line 53
2023-02-17 21:47:54 - PHP Warning:  Invalid argument supplied for foreach() in C:\xampp\htdocs\UNA-v.13.0.0-RC2\store\catalog\model\catalog\cart.php on line 57
2023-02-17 21:47:54 - PHP Warning:  Invalid argument supplied for foreach() in C:\xampp\htdocs\UNA-v.13.0.0-RC2\store\catalog\model\catalog\cart.php on line 78
2023-02-17 21:47:54 - PHP Warning:  Invalid argument supplied for foreach() in C:\xampp\htdocs\UNA-v.13.0.0-RC2\store\catalog\model\catalog\cart.php on line 96
2023-02-17 21:47:54 - PHP Warning:  Invalid argument supplied for foreach() in C:\xampp\htdocs\UNA-v.13.0.0-RC2\store\catalog\model\catalog\cart.php on line 107
2023-02-17 21:48:43 - PHP Warning:  Invalid argument supplied for foreach() in C:\xampp\htdocs\UNA-v.13.0.0-RC2\store\catalog\model\catalog\cart.php on line 57
2023-02-17 21:48:43 - PHP Warning:  Invalid argument supplied for foreach() in C:\xampp\htdocs\UNA-v.13.0.0-RC2\store\catalog\model\catalog\cart.php on line 78
2023-02-17 21:48:43 - PHP Warning:  Invalid argument supplied for foreach() in C:\xampp\htdocs\UNA-v.13.0.0-RC2\store\catalog\model\catalog\cart.php on line 96
2023-02-17 21:48:43 - PHP Warning:  Invalid argument supplied for foreach() in C:\xampp\htdocs\UNA-v.13.0.0-RC2\store\catalog\model\catalog\cart.php on line 107
2023-02-17 21:55:52 - PHP Warning:  Invalid argument supplied for foreach() in C:\xampp\htdocs\UNA-v.13.0.0-RC2\store\catalog\model\catalog\cart.php on line 78
2023-02-17 21:55:52 - PHP Warning:  Invalid argument supplied for foreach() in C:\xampp\htdocs\UNA-v.13.0.0-RC2\store\catalog\model\catalog\cart.php on line 96
2023-02-17 21:55:52 - PHP Warning:  Invalid argument supplied for foreach() in C:\xampp\htdocs\UNA-v.13.0.0-RC2\store\catalog\model\catalog\cart.php on line 107
2023-02-17 21:57:12 - PHP Warning:  Invalid argument supplied for foreach() in C:\xampp\htdocs\UNA-v.13.0.0-RC2\store\catalog\model\catalog\cart.php on line 96
2023-02-17 21:57:12 - PHP Warning:  Invalid argument supplied for foreach() in C:\xampp\htdocs\UNA-v.13.0.0-RC2\store\catalog\model\catalog\cart.php on line 107
2023-02-17 21:57:58 - PHP Warning:  Invalid argument supplied for foreach() in C:\xampp\htdocs\UNA-v.13.0.0-RC2\store\catalog\model\catalog\cart.php on line 107
2023-02-18 2:53:36 - PHP Warning:  move_uploaded_file(store/image/catalog/demo/testimg.jpg): failed to open stream: No such file or directory in C:\xampp\htdocs\UNA-v.13.0.0-RC2\store\catalog\controller\api\product.php on line 145
2023-02-18 2:53:36 - PHP Warning:  move_uploaded_file(): Unable to move 'C:\xampp\tmp\php5A6F.tmp' to 'store/image/catalog/demo/testimg.jpg' in C:\xampp\htdocs\UNA-v.13.0.0-RC2\store\catalog\controller\api\product.php on line 145
2023-02-18 2:55:56 - PHP Warning:  move_uploaded_file() expects parameter 1 to be string, array given in C:\xampp\htdocs\UNA-v.13.0.0-RC2\store\catalog\controller\api\product.php on line 147
2023-02-18 15:01:43 - PHP Warning:  move_uploaded_file(./upload/356.jpg): failed to open stream: No such file or directory in C:\xampp\htdocs\UNA-v.13.0.0-RC2\store\catalog\controller\api\product.php on line 152
2023-02-18 15:01:43 - PHP Warning:  move_uploaded_file(): Unable to move 'C:\xampp\tmp\phpF6A9.tmp' to './upload/356.jpg' in C:\xampp\htdocs\UNA-v.13.0.0-RC2\store\catalog\controller\api\product.php on line 152
2023-02-18 15:02:46 - PHP Warning:  move_uploaded_file(./upload/411.jpg): failed to open stream: No such file or directory in C:\xampp\htdocs\UNA-v.13.0.0-RC2\store\catalog\controller\api\product.php on line 152
2023-02-18 15:02:46 - PHP Warning:  move_uploaded_file(): Unable to move 'C:\xampp\tmp\phpED20.tmp' to './upload/411.jpg' in C:\xampp\htdocs\UNA-v.13.0.0-RC2\store\catalog\controller\api\product.php on line 152
